2025-06-17 16:15:45,983 - use_case - INFO - [A] 쿠폰 자동화 시작 | {"store_id": "A", "vehicle": "5119"}
2025-06-17 16:15:51,064 - use_case - INFO - [A][로그인] 성공
2025-06-17 16:15:52,255 - use_case - ERROR - [A] 자동화 실패: log_error() takes from 3 to 4 positional arguments but 5 were given | {"store_id": "A", "vehicle": "5119", "step": "알 수 없음", "stack_trace": "Traceback (most recent call last):\n  File \"C:\\Code\\Project\\parking_cupon_auto\\Playwright_telegram_compl\\infrastructure\\web_automation\\store_crawlers\\a_store_crawler.py\", line 127, in search_vehicle\n    if self.logger.should_log_info():\nAttributeError: 'OptimizedLogger' object has no attribute 'should_log_info'\n\nDuring handling of the above exception, another exception occurred:\n\nTraceback (most recent call last):\n  File \"C:\\Code\\Project\\parking_cupon_auto\\Playwright_telegram_compl\\infrastructure\\web_automation\\store_crawlers\\a_store_crawler.py\", line 133, in search_vehicle\n    if self.logger.should_log_info():\nAttributeError: 'OptimizedLogger' object has no attribute 'should_log_info'\n\nDuring handling of the above exception, another exception occurred:\n\nTraceback (most recent call last):\n  File \"C:\\Code\\Project\\parking_cupon_auto\\Playwright_telegram_compl\\infrastructure\\web_automation\\store_crawlers\\a_store_crawler.py\", line 137, in search_vehicle\n    details = self.logger.log_error(\"A\", \"차량검색\", \"FAIL_SEARCH\", f\"차량 선택 버튼 클릭 실패: {str(e1)}, {str(e2)}\")\nTypeError: log_error() takes from 3 to 4 positional arguments but 5 were given\n\nDuring handling of the above exception, another exception occurred:\n\nTraceback (most recent call last):\n  File \"C:\\Code\\Project\\parking_cupon_auto\\Playwright_telegram_compl\\core\\application\\use_cases\\apply_coupon_use_case.py\", line 47, in execute\n    if not await self._store_repository.search_vehicle(vehicle):\n  File \"C:\\Code\\Project\\parking_cupon_auto\\Playwright_telegram_compl\\infrastructure\\web_automation\\store_crawlers\\a_store_crawler.py\", line 146, in search_vehicle\n    details = self.logger.log_error(\"A\", \"차량검색\", \"FAIL_SEARCH\", str(e))\nTypeError: log_error() takes from 3 to 4 positional arguments but 5 were given\n"}
2025-06-17 17:08:31,853 - use_case - INFO - [A] 쿠폰 자동화 시작 | {"store_id": "A", "vehicle": "5119"}
2025-06-17 17:08:34,583 - use_case - INFO - [A][로그인] 성공
2025-06-17 17:08:40,722 - use_case - INFO - [A][차량검색] 성공: 5119
2025-06-17 17:08:40,722 - use_case - ERROR - [A] 자동화 실패: get_coupon_history() takes 1 positional argument but 2 were given | {"store_id": "A", "vehicle": "5119", "step": "알 수 없음", "stack_trace": "Traceback (most recent call last):\n  File \"C:\\Code\\Project\\parking_cupon_auto\\Playwright_telegram_compl\\core\\application\\use_cases\\apply_coupon_use_case.py\", line 53, in execute\n    coupon_history = await self._store_repository.get_coupon_history(vehicle)\nTypeError: get_coupon_history() takes 1 positional argument but 2 were given\n"}
2025-06-17 17:23:10,075 - use_case - INFO - [A] 쿠폰 자동화 시작 | {"store_id": "A", "vehicle": "5119"}
2025-06-17 17:23:13,958 - use_case - INFO - [A][로그인] 성공
2025-06-17 17:23:20,158 - use_case - INFO - [A][차량검색] 성공: 5119
2025-06-17 17:23:20,346 - use_case - INFO - [A][쿠폰조회] 성공
2025-06-17 17:23:20,349 - use_case - ERROR - [A] 자동화 실패: 'tuple' object has no attribute 'my_history' | {"store_id": "A", "vehicle": "5119", "step": "쿠폰계산", "stack_trace": "Traceback (most recent call last):\n  File \"C:\\Code\\Project\\parking_cupon_auto\\Playwright_telegram_compl\\core\\application\\use_cases\\apply_coupon_use_case.py\", line 64, in execute\n    coupon_history.my_history,\nAttributeError: 'tuple' object has no attribute 'my_history'\n"}
2025-06-19 10:06:11,217 - use_case - INFO - [A] 쿠폰 자동화 시작 | {"store_id": "A", "vehicle": "5119"}
2025-06-19 10:06:14,462 - use_case - INFO - [A][로그인] 성공
2025-06-19 10:06:20,642 - use_case - INFO - [A][차량검색] 성공: 5119
2025-06-19 10:06:20,839 - use_case - INFO - [A][쿠폰조회] 성공
2025-06-19 10:06:20,842 - use_case - ERROR - [A] 자동화 실패: unsupported operand type(s) for -: 'dict' and 'int' | {"store_id": "A", "vehicle": "5119", "step": "쿠폰계산", "stack_trace": "Traceback (most recent call last):\n  File \"C:\\Code\\Project\\parking_cupon_auto\\Playwright_telegram_compl\\core\\application\\use_cases\\apply_coupon_use_case.py\", line 63, in execute\n    applications = self._discount_calculator.calculate_required_coupons(\n  File \"C:\\Code\\Project\\parking_cupon_auto\\Playwright_telegram_compl\\core\\domain\\models\\discount_policy.py\", line 107, in calculate_required_coupons\n    available - my_used,\nTypeError: unsupported operand type(s) for -: 'dict' and 'int'\n"}
2025-06-19 10:20:18,810 - use_case - INFO - [A] 쿠폰 자동화 시작 | {"store_id": "A", "vehicle": "5119"}
2025-06-19 10:20:22,473 - use_case - INFO - [A][로그인] 성공
2025-06-19 10:20:28,620 - use_case - INFO - [A][차량검색] 성공: 5119
2025-06-19 10:20:28,821 - use_case - INFO - [A][쿠폰조회] 성공
2025-06-19 10:20:28,822 - use_case - ERROR - [A] 자동화 실패: unsupported operand type(s) for -: 'dict' and 'int' | {"store_id": "A", "vehicle": "5119", "step": "쿠폰계산", "stack_trace": "Traceback (most recent call last):\n  File \"C:\\Code\\Project\\parking_cupon_auto\\Playwright_telegram_compl\\core\\application\\use_cases\\apply_coupon_use_case.py\", line 63, in execute\n    applications = self._discount_calculator.calculate_required_coupons(\n  File \"C:\\Code\\Project\\parking_cupon_auto\\Playwright_telegram_compl\\core\\domain\\models\\discount_policy.py\", line 107, in calculate_required_coupons\n    available - my_used,\nTypeError: unsupported operand type(s) for -: 'dict' and 'int'\n"}
2025-06-19 10:25:08,288 - use_case - INFO - [A] 쿠폰 자동화 시작 | {"store_id": "A", "vehicle": "5119"}
2025-06-19 10:25:16,589 - use_case - INFO - [A][로그인] 성공
2025-06-19 10:25:23,423 - use_case - INFO - [A][차량검색] 성공: 5119
2025-06-19 10:25:23,545 - use_case - INFO - [A][쿠폰조회] 성공
2025-06-19 10:25:27,211 - use_case - INFO - [A][쿠폰적용] 성공 | {"applied_coupons": [{"30분할인권(무료)": 1}, {"1시간할인권(유료)": 2}]}
2025-06-19 10:29:20,356 - use_case - INFO - [A] 쿠폰 자동화 시작 | {"store_id": "A", "vehicle": "5119"}
2025-06-19 10:29:25,381 - use_case - INFO - [A][로그인] 성공
2025-06-19 10:29:31,689 - use_case - INFO - [A][차량검색] 성공: 5119
2025-06-19 10:29:31,885 - use_case - INFO - [A][쿠폰조회] 성공
2025-06-19 10:29:31,886 - use_case - INFO - [A][쿠폰적용] 적용할 쿠폰이 없습니다
2025-06-19 10:30:29,098 - use_case - INFO - [A] 쿠폰 자동화 시작 | {"store_id": "A", "vehicle": "5119"}
2025-06-19 10:30:35,395 - use_case - INFO - [A][로그인] 성공
2025-06-19 10:30:41,531 - use_case - INFO - [A][차량검색] 성공: 5119
2025-06-19 10:30:41,711 - use_case - INFO - [A][쿠폰조회] 성공
2025-06-19 10:30:41,714 - use_case - INFO - [A] >>>>>[적용할 쿠폰]
2025-06-19 10:30:41,715 - use_case - INFO - [A] 적용할 쿠폰이 없습니다
2025-06-19 10:30:41,715 - use_case - INFO - [A][쿠폰적용] 적용할 쿠폰이 없습니다
2025-06-19 10:32:01,610 - use_case - INFO - [A] 쿠폰 자동화 시작 | {"store_id": "A", "vehicle": "5119"}
2025-06-19 10:32:10,420 - use_case - INFO - [A][로그인] 성공
2025-06-19 10:32:19,708 - use_case - INFO - [A][차량검색] 성공: 5119
2025-06-19 10:32:19,872 - use_case - INFO - [A][쿠폰조회] 성공
2025-06-19 10:32:19,872 - use_case - INFO - [A] >>>>>[적용할 쿠폰]
2025-06-19 10:32:19,873 - use_case - INFO - [A] 1시간할인권(유료): 2개
2025-06-19 10:32:22,323 - use_case - INFO - [A][쿠폰적용] 성공 | {"applied_coupons": [{"1시간할인권(유료)": 2}]}
2025-06-19 10:35:34,602 - use_case - INFO - [A] 쿠폰 자동화 시작 | {"store_id": "A", "vehicle": "5119"}
2025-06-19 10:35:40,108 - use_case - INFO - [A][로그인] 성공
2025-06-19 10:35:46,652 - use_case - INFO - [A][차량검색] 성공: 5119
2025-06-19 10:35:46,794 - use_case - INFO - [A][쿠폰조회] 성공
2025-06-19 10:35:46,797 - use_case - INFO - [A] >>>>>[적용할 쿠폰]
2025-06-19 10:35:46,797 - use_case - INFO - [A] 30분할인권(무료): 1개
2025-06-19 10:35:47,976 - use_case - INFO - [A][쿠폰적용] 성공 | {"applied_coupons": [{"30분할인권(무료)": 1}]}
2025-06-19 10:50:22,263 - use_case - INFO - [A] 쿠폰 자동화 시작 | {"store_id": "A", "vehicle": "5119"}
2025-06-19 10:50:30,323 - use_case - INFO - [A][로그인] 성공
2025-06-19 10:50:36,636 - use_case - INFO - [A][차량검색] 성공: 5119
2025-06-19 10:50:36,852 - use_case - INFO - [A][쿠폰조회] 성공
2025-06-19 10:50:36,855 - use_case - INFO - [A] >>>>>[적용할 쿠폰]
2025-06-19 10:50:36,855 - use_case - INFO - [A] 적용할 쿠폰이 없습니다
2025-06-19 10:50:36,856 - use_case - INFO - [A][쿠폰적용] 적용할 쿠폰이 없습니다
2025-06-19 11:11:13,284 - use_case - INFO - [A] 쿠폰 자동화 시작 | {"store_id": "A", "vehicle": "5119"}
2025-06-19 11:11:16,329 - use_case - INFO - [A][로그인] 성공
2025-06-19 11:11:22,479 - use_case - INFO - [A][차량검색] 성공: 5119
2025-06-19 11:11:22,681 - use_case - INFO - [A][쿠폰조회] 성공
2025-06-19 11:11:22,684 - use_case - INFO - [A] >>>>>[적용할 쿠폰]
2025-06-19 11:11:22,684 - use_case - INFO - [A] 적용할 쿠폰이 없습니다
2025-06-19 11:11:22,685 - use_case - INFO - [A][쿠폰적용] 적용할 쿠폰이 없습니다
2025-06-19 11:13:39,155 - use_case - INFO - [A] 쿠폰 자동화 시작 | {"store_id": "A", "vehicle": "5119"}
2025-06-19 11:13:42,074 - use_case - INFO - [A][로그인] 성공
2025-06-19 11:13:48,242 - use_case - INFO - [A][차량검색] 성공: 5119
2025-06-19 11:13:48,437 - use_case - INFO - [A][쿠폰조회] 성공
2025-06-19 11:13:48,438 - use_case - INFO - [A] >>>>>[적용할 쿠폰]
2025-06-19 11:13:48,439 - use_case - INFO - [A] 적용할 쿠폰이 없습니다
2025-06-19 11:13:48,439 - use_case - INFO - [A][쿠폰적용] 적용할 쿠폰이 없습니다
2025-06-19 11:27:36,502 - use_case - INFO - [A] 쿠폰 자동화 시작 | {"store_id": "A", "vehicle": "5119"}
2025-06-19 11:27:39,329 - use_case - INFO - [A][로그인] 성공
2025-06-19 11:27:45,499 - use_case - INFO - [A][차량검색] 성공: 5119
2025-06-19 11:27:45,683 - use_case - INFO - [A][쿠폰조회] 성공
2025-06-19 11:27:45,687 - use_case - INFO - [A] >>>>>[적용할 쿠폰]
2025-06-19 11:27:45,688 - use_case - INFO - [A] 적용할 쿠폰이 없습니다
2025-06-19 11:27:45,688 - use_case - INFO - [A][쿠폰적용] 적용할 쿠폰이 없습니다
2025-06-19 11:44:01,577 - use_case - INFO - [A] 쿠폰 자동화 시작 | {"store_id": "A", "vehicle": "5119"}
2025-06-19 11:44:04,532 - use_case - INFO - [A][로그인] 성공
2025-06-19 11:44:10,715 - use_case - INFO - [A][차량검색] 성공: 5119
2025-06-19 11:44:10,930 - use_case - INFO - [A][쿠폰조회] 성공
2025-06-19 11:44:10,931 - use_case - INFO - [A] >>>>>[적용할 쿠폰]
2025-06-19 11:44:10,931 - use_case - INFO - [A] 적용할 쿠폰이 없습니다
2025-06-19 11:44:10,932 - use_case - INFO - [A][쿠폰적용] 적용할 쿠폰이 없습니다
2025-06-19 12:00:09,639 - use_case - INFO - [A] 쿠폰 자동화 시작 | {"store_id": "A", "vehicle": "5119"}
2025-06-19 12:00:12,548 - use_case - INFO - [A][로그인] 성공
2025-06-19 12:00:18,692 - use_case - INFO - [A][차량검색] 성공: 5119
2025-06-19 12:00:18,877 - use_case - INFO - [A][쿠폰조회] 성공
2025-06-19 12:00:18,877 - use_case - INFO - [A] >>>>>[적용할 쿠폰]
2025-06-19 12:00:18,878 - use_case - INFO - [A] 적용할 쿠폰이 없습니다
2025-06-19 12:00:18,878 - use_case - INFO - [A][쿠폰적용] 적용할 쿠폰이 없습니다
2025-06-19 12:09:44,598 - use_case - INFO - [A] 쿠폰 자동화 시작 | {"store_id": "A", "vehicle": "5119"}
2025-06-19 12:09:47,576 - use_case - INFO - [A][로그인] 성공
2025-06-19 12:09:53,724 - use_case - INFO - [A][차량검색] 성공: 5119
2025-06-19 12:09:53,918 - use_case - INFO - [A][쿠폰조회] 성공
2025-06-19 12:09:53,918 - use_case - INFO - [A] >>>>>[적용할 쿠폰]
2025-06-19 12:09:53,919 - use_case - INFO - [A] 적용할 쿠폰이 없습니다
2025-06-19 12:09:53,919 - use_case - INFO - [A][쿠폰적용] 적용할 쿠폰이 없습니다
2025-06-19 12:20:35,258 - use_case - INFO - [A] 쿠폰 자동화 시작 | {"store_id": "A", "vehicle": "5119"}
2025-06-19 12:20:38,017 - use_case - INFO - [A][로그인] 성공
2025-06-19 12:20:44,168 - use_case - INFO - [A][차량검색] 성공: 5119
2025-06-19 12:20:44,450 - use_case - INFO - [A][쿠폰조회] 성공
2025-06-19 12:20:44,451 - use_case - INFO - [A] >>>>>[적용할 쿠폰]
2025-06-19 12:20:44,451 - use_case - INFO - [A] 적용할 쿠폰이 없습니다
2025-06-19 12:20:44,452 - use_case - INFO - [A][쿠폰적용] 적용할 쿠폰이 없습니다
2025-06-19 12:29:41,093 - use_case - INFO - [A] 쿠폰 자동화 시작 | {"store_id": "A", "vehicle": "5119"}
2025-06-19 12:29:43,878 - use_case - INFO - [A][로그인] 성공
2025-06-19 12:29:50,020 - use_case - INFO - [A][차량검색] 성공: 5119
2025-06-19 12:29:50,286 - use_case - INFO - [A][쿠폰조회] 성공
2025-06-19 12:29:50,287 - use_case - INFO - [A] >>>>>[적용할 쿠폰]
2025-06-19 12:29:50,287 - use_case - INFO - [A] 적용할 쿠폰이 없습니다
2025-06-19 12:29:50,288 - use_case - INFO - [A][쿠폰적용] 적용할 쿠폰이 없습니다
2025-06-19 12:51:58,473 - use_case - INFO - [A] 쿠폰 자동화 시작 | {"store_id": "A", "vehicle": "12가3456"}
2025-06-19 12:52:02,337 - use_case - INFO - [A][로그인] 성공
2025-06-19 12:52:03,441 - use_case - ERROR - [A] 자동화 실패: 차량 검색 실패 | {"store_id": "A", "vehicle": "12가3456", "step": "차량검색", "stack_trace": "Traceback (most recent call last):\n  File \"C:\\Code\\Project\\parking_cupon_auto\\Playwright_telegram_compl\\core\\application\\use_cases\\apply_coupon_use_case.py\", line 53, in execute\n    raise Exception(\"차량 검색 실패\")\nException: 차량 검색 실패\n"}
2025-06-19 12:52:08,676 - use_case - INFO - [A] 쿠폰 자동화 시작 | {"store_id": "A", "vehicle": "34나5678"}
2025-06-19 12:52:12,487 - use_case - INFO - [A][로그인] 성공
2025-06-19 12:52:13,619 - use_case - ERROR - [A] 자동화 실패: 차량 검색 실패 | {"store_id": "A", "vehicle": "34나5678", "step": "차량검색", "stack_trace": "Traceback (most recent call last):\n  File \"C:\\Code\\Project\\parking_cupon_auto\\Playwright_telegram_compl\\core\\application\\use_cases\\apply_coupon_use_case.py\", line 53, in execute\n    raise Exception(\"차량 검색 실패\")\nException: 차량 검색 실패\n"}
2025-06-19 12:53:50,757 - use_case - INFO - [A] 쿠폰 자동화 시작 | {"store_id": "A", "vehicle": "5119"}
2025-06-19 12:53:53,894 - use_case - INFO - [A][로그인] 성공
2025-06-19 12:54:00,041 - use_case - INFO - [A][차량검색] 성공: 5119
2025-06-19 12:54:00,215 - use_case - INFO - [A][쿠폰조회] 성공
2025-06-19 12:54:00,217 - use_case - INFO - [A] DiscountCalculator 객체 타입: <class 'core.domain.models.discount_policy.DiscountCalculator'>
2025-06-19 12:54:00,218 - use_case - INFO - [A] discount_info: {'30분할인권(무료)': {'car': 0, 'total': 9222}, '1시간할인권(유료)': {'car': 1, 'total': 65}, '1시간주말할인권(유료)': {'car': 0, 'total': 0}}
2025-06-19 12:54:00,218 - use_case - INFO - [A] my_history: {'30분할인권(무료)': 1, '1시간할인권(유료)': 1, '1시간주말할인권(유료)': 0}
2025-06-19 12:54:00,219 - use_case - INFO - [A] total_history: {'30분할인권(무료)': 1, '1시간할인권(유료)': 1, '1시간주말할인권(유료)': 0}
2025-06-19 12:54:00,219 - use_case - INFO - [A] available_coupons: {'30분할인권(무료)': 0, '1시간할인권(유료)': 1, '1시간주말할인권(유료)': 0}
2025-06-19 12:54:00,220 - use_case - INFO - [A] is_weekday: True
2025-06-19 12:54:00,225 - use_case - INFO - [A] calculate_required_coupons 성공! 결과: 0개
2025-06-19 12:54:00,226 - use_case - INFO - [A] >>>>>[적용할 쿠폰]
2025-06-19 12:54:00,226 - use_case - INFO - [A] 적용할 쿠폰이 없습니다
2025-06-19 12:54:00,227 - use_case - INFO - [A][쿠폰적용] 적용할 쿠폰이 없습니다
2025-06-19 13:02:15,661 - use_case - INFO - [A] 쿠폰 자동화 시작 | {"store_id": "A", "vehicle": "5119"}
2025-06-19 13:02:18,542 - use_case - INFO - [A][로그인] 성공
2025-06-19 13:02:24,691 - use_case - INFO - [A][차량검색] 성공: 5119
2025-06-19 13:02:24,906 - use_case - INFO - [A][쿠폰조회] 성공
2025-06-19 13:02:24,906 - use_case - INFO - [A] DiscountCalculator 객체 타입: <class 'core.domain.models.discount_policy.DiscountCalculator'>
2025-06-19 13:02:24,907 - use_case - INFO - [A] discount_info: {'30분할인권(무료)': {'car': 0, 'total': 9222}, '1시간할인권(유료)': {'car': 1, 'total': 65}, '1시간주말할인권(유료)': {'car': 0, 'total': 0}}
2025-06-19 13:02:24,908 - use_case - INFO - [A] my_history: {'30분할인권(무료)': 1, '1시간할인권(유료)': 1, '1시간주말할인권(유료)': 0}
2025-06-19 13:02:24,908 - use_case - INFO - [A] total_history: {'30분할인권(무료)': 1, '1시간할인권(유료)': 1, '1시간주말할인권(유료)': 0}
2025-06-19 13:02:24,909 - use_case - INFO - [A] available_coupons: {'30분할인권(무료)': 0, '1시간할인권(유료)': 1, '1시간주말할인권(유료)': 0}
2025-06-19 13:02:24,909 - use_case - INFO - [A] is_weekday: True
2025-06-19 13:02:24,916 - use_case - INFO - [A] calculate_required_coupons 성공! 결과: 0개
2025-06-19 13:02:24,917 - use_case - INFO - [A] >>>>>[적용할 쿠폰]
2025-06-19 13:02:24,918 - use_case - INFO - [A] 적용할 쿠폰이 없습니다
2025-06-19 13:02:24,918 - use_case - INFO - [A][쿠폰적용] 적용할 쿠폰이 없습니다
2025-06-19 13:10:04,551 - use_case - INFO - [A] 쿠폰 자동화 시작 | {"store_id": "A", "vehicle": "5119"}
2025-06-19 13:10:07,354 - use_case - INFO - [A][로그인] 성공
2025-06-19 13:10:13,495 - use_case - INFO - [A][차량검색] 성공: 5119
2025-06-19 13:10:13,695 - use_case - INFO - [A][쿠폰조회] 성공
2025-06-19 13:10:13,695 - use_case - INFO - [A] DiscountCalculator 객체 타입: <class 'core.domain.models.discount_policy.DiscountCalculator'>
2025-06-19 13:10:13,696 - use_case - INFO - [A] discount_info: {'30분할인권(무료)': {'car': 0, 'total': 9222}, '1시간할인권(유료)': {'car': 1, 'total': 65}, '1시간주말할인권(유료)': {'car': 0, 'total': 0}}
2025-06-19 13:10:13,696 - use_case - INFO - [A] my_history: {'30분할인권(무료)': 1, '1시간할인권(유료)': 1, '1시간주말할인권(유료)': 0}
2025-06-19 13:10:13,697 - use_case - INFO - [A] total_history: {'30분할인권(무료)': 1, '1시간할인권(유료)': 1, '1시간주말할인권(유료)': 0}
2025-06-19 13:10:13,697 - use_case - INFO - [A] available_coupons: {'30분할인권(무료)': 0, '1시간할인권(유료)': 1, '1시간주말할인권(유료)': 0}
2025-06-19 13:10:13,698 - use_case - INFO - [A] is_weekday: True
2025-06-19 13:10:13,704 - use_case - INFO - [A] calculate_required_coupons 성공! 결과: 0개
2025-06-19 13:10:13,705 - use_case - INFO - [A] >>>>>[적용할 쿠폰]
2025-06-19 13:10:13,706 - use_case - INFO - [A] 적용할 쿠폰이 없습니다
2025-06-19 13:10:13,706 - use_case - INFO - [A][쿠폰적용] 적용할 쿠폰이 없습니다
2025-06-19 13:14:10,672 - use_case - INFO - [A] 쿠폰 자동화 시작 | {"store_id": "A", "vehicle": "5119"}
2025-06-19 13:14:13,577 - use_case - INFO - [A][로그인] 성공
2025-06-19 13:14:19,731 - use_case - INFO - [A][차량검색] 성공: 5119
2025-06-19 13:14:19,926 - use_case - INFO - [A][쿠폰조회] 성공
2025-06-19 13:14:19,926 - use_case - INFO - [A] DiscountCalculator 객체 타입: <class 'core.domain.models.discount_policy.DiscountCalculator'>
2025-06-19 13:14:19,927 - use_case - INFO - [A] discount_info: {'30분할인권(무료)': {'car': 0, 'total': 9222}, '1시간할인권(유료)': {'car': 1, 'total': 65}, '1시간주말할인권(유료)': {'car': 0, 'total': 0}}
2025-06-19 13:14:19,928 - use_case - INFO - [A] my_history: {'30분할인권(무료)': 1, '1시간할인권(유료)': 1, '1시간주말할인권(유료)': 0}
2025-06-19 13:14:19,928 - use_case - INFO - [A] total_history: {'30분할인권(무료)': 1, '1시간할인권(유료)': 1, '1시간주말할인권(유료)': 0}
2025-06-19 13:14:19,929 - use_case - INFO - [A] available_coupons: {'30분할인권(무료)': 0, '1시간할인권(유료)': 1, '1시간주말할인권(유료)': 0}
2025-06-19 13:14:19,929 - use_case - INFO - [A] is_weekday: True
2025-06-19 13:14:19,935 - use_case - INFO - [A] calculate_required_coupons 성공! 결과: 0개
2025-06-19 13:14:19,936 - use_case - INFO - [A] >>>>>[적용할 쿠폰]
2025-06-19 13:14:19,937 - use_case - INFO - [A] 적용할 쿠폰이 없습니다
2025-06-19 13:14:19,937 - use_case - INFO - [A][쿠폰적용] 적용할 쿠폰이 없습니다
2025-06-19 13:20:13,894 - use_case - INFO - [A] 쿠폰 자동화 시작 | {"store_id": "A", "vehicle": "5119"}
2025-06-19 13:20:16,660 - use_case - INFO - [A][로그인] 성공
2025-06-19 13:20:22,827 - use_case - INFO - [A][차량검색] 성공: 5119
2025-06-19 13:20:23,044 - use_case - INFO - [A][쿠폰조회] 성공
2025-06-19 13:20:23,047 - use_case - INFO - [A] DiscountCalculator 객체 타입: <class 'core.domain.models.discount_policy.DiscountCalculator'>
2025-06-19 13:20:23,047 - use_case - INFO - [A] discount_info: {'30분할인권(무료)': {'car': 0, 'total': 9222}, '1시간할인권(유료)': {'car': 1, 'total': 65}, '1시간주말할인권(유료)': {'car': 0, 'total': 0}}
2025-06-19 13:20:23,048 - use_case - INFO - [A] my_history: {'30분할인권(무료)': 1, '1시간할인권(유료)': 1, '1시간주말할인권(유료)': 0}
2025-06-19 13:20:23,048 - use_case - INFO - [A] total_history: {'30분할인권(무료)': 1, '1시간할인권(유료)': 1, '1시간주말할인권(유료)': 0}
2025-06-19 13:20:23,049 - use_case - INFO - [A] available_coupons: {'30분할인권(무료)': 0, '1시간할인권(유료)': 1, '1시간주말할인권(유료)': 0}
2025-06-19 13:20:23,049 - use_case - INFO - [A] is_weekday: True
2025-06-19 13:20:23,055 - use_case - INFO - [A] calculate_required_coupons 성공! 결과: 1개
2025-06-19 13:20:23,055 - use_case - INFO - [A] 계산 결과: 1시간할인권(유료) 1개
2025-06-19 13:20:23,056 - use_case - INFO - [A] >>>>>[적용할 쿠폰]
2025-06-19 13:20:23,056 - use_case - INFO - [A] 1시간할인권(유료): 1개
2025-06-19 13:20:24,236 - use_case - INFO - [A][쿠폰적용] 성공 | {"applied_coupons": [{"1시간할인권(유료)": 1}]}
2025-06-19 13:20:52,107 - use_case - INFO - [A] 쿠폰 자동화 시작 | {"store_id": "A", "vehicle": "5119"}
2025-06-19 13:20:54,692 - use_case - INFO - [A][로그인] 성공
2025-06-19 13:21:00,836 - use_case - INFO - [A][차량검색] 성공: 5119
2025-06-19 13:21:01,000 - use_case - INFO - [A][쿠폰조회] 성공
2025-06-19 13:21:01,001 - use_case - INFO - [A] DiscountCalculator 객체 타입: <class 'core.domain.models.discount_policy.DiscountCalculator'>
2025-06-19 13:21:01,001 - use_case - INFO - [A] discount_info: {'30분할인권(무료)': {'car': 1, 'total': 9223}, '1시간할인권(유료)': {'car': 0, 'total': 64}, '1시간주말할인권(유료)': {'car': 0, 'total': 0}}
2025-06-19 13:21:01,002 - use_case - INFO - [A] my_history: {'30분할인권(무료)': 0, '1시간할인권(유료)': 2, '1시간주말할인권(유료)': 0}
2025-06-19 13:21:01,003 - use_case - INFO - [A] total_history: {'30분할인권(무료)': 0, '1시간할인권(유료)': 2, '1시간주말할인권(유료)': 0}
2025-06-19 13:21:01,003 - use_case - INFO - [A] available_coupons: {'30분할인권(무료)': 1, '1시간할인권(유료)': 0, '1시간주말할인권(유료)': 0}
2025-06-19 13:21:01,004 - use_case - INFO - [A] is_weekday: True
2025-06-19 13:21:01,010 - use_case - INFO - [A] calculate_required_coupons 성공! 결과: 1개
2025-06-19 13:21:01,011 - use_case - INFO - [A] 계산 결과: 30분할인권(무료) 1개
2025-06-19 13:21:01,012 - use_case - INFO - [A] >>>>>[적용할 쿠폰]
2025-06-19 13:21:01,013 - use_case - INFO - [A] 30분할인권(무료): 1개
2025-06-19 13:21:02,194 - use_case - INFO - [A][쿠폰적용] 성공 | {"applied_coupons": [{"30분할인권(무료)": 1}]}
2025-06-19 13:21:37,991 - use_case - INFO - [A] 쿠폰 자동화 시작 | {"store_id": "A", "vehicle": "5119"}
2025-06-19 13:21:41,282 - use_case - INFO - [A][로그인] 성공
2025-06-19 13:21:47,443 - use_case - INFO - [A][차량검색] 성공: 5119
2025-06-19 13:21:47,707 - use_case - INFO - [A][쿠폰조회] 성공
2025-06-19 13:21:47,708 - use_case - INFO - [A] DiscountCalculator 객체 타입: <class 'core.domain.models.discount_policy.DiscountCalculator'>
2025-06-19 13:21:47,708 - use_case - INFO - [A] discount_info: {'30분할인권(무료)': {'car': 0, 'total': 9222}, '1시간할인권(유료)': {'car': 0, 'total': 64}, '1시간주말할인권(유료)': {'car': 0, 'total': 0}}
2025-06-19 13:21:47,710 - use_case - INFO - [A] my_history: {'30분할인권(무료)': 1, '1시간할인권(유료)': 2, '1시간주말할인권(유료)': 0}
2025-06-19 13:21:47,711 - use_case - INFO - [A] total_history: {'30분할인권(무료)': 1, '1시간할인권(유료)': 2, '1시간주말할인권(유료)': 0}
2025-06-19 13:21:47,711 - use_case - INFO - [A] available_coupons: {'30분할인권(무료)': 0, '1시간할인권(유료)': 0, '1시간주말할인권(유료)': 0}
2025-06-19 13:21:47,711 - use_case - INFO - [A] is_weekday: True
2025-06-19 13:21:47,714 - use_case - INFO - [A] calculate_required_coupons 성공! 결과: 0개
2025-06-19 13:21:47,715 - use_case - INFO - [A] >>>>>[적용할 쿠폰]
2025-06-19 13:21:47,715 - use_case - INFO - [A] 적용할 쿠폰이 없습니다
2025-06-19 13:21:47,716 - use_case - INFO - [A][쿠폰적용] 적용할 쿠폰이 없습니다
2025-06-19 13:34:33,552 - use_case - INFO - [A] 쿠폰 자동화 시작 | {"store_id": "A", "vehicle": "5119"}
2025-06-19 13:34:36,222 - use_case - INFO - [A][로그인] 성공
2025-06-19 13:34:42,371 - use_case - INFO - [A][차량검색] 성공: 5119
2025-06-19 13:34:42,578 - use_case - INFO - [A][쿠폰조회] 성공
2025-06-19 13:34:42,578 - use_case - INFO - [A] DiscountCalculator 객체 타입: <class 'core.domain.models.discount_policy.DiscountCalculator'>
2025-06-19 13:34:42,579 - use_case - INFO - [A] discount_info: {'30분할인권(무료)': {'car': 0, 'total': 9222}, '1시간할인권(유료)': {'car': 0, 'total': 64}, '1시간주말할인권(유료)': {'car': 0, 'total': 0}}
2025-06-19 13:34:42,580 - use_case - INFO - [A] my_history: {'30분할인권(무료)': 1, '1시간할인권(유료)': 2, '1시간주말할인권(유료)': 0}
2025-06-19 13:34:42,580 - use_case - INFO - [A] total_history: {'30분할인권(무료)': 1, '1시간할인권(유료)': 2, '1시간주말할인권(유료)': 0}
2025-06-19 13:34:42,581 - use_case - INFO - [A] available_coupons: {'30분할인권(무료)': 0, '1시간할인권(유료)': 0, '1시간주말할인권(유료)': 0}
2025-06-19 13:34:42,582 - use_case - INFO - [A] is_weekday: True
2025-06-19 13:34:42,584 - use_case - INFO - [A] calculate_required_coupons 성공! 결과: 0개
2025-06-19 13:34:42,585 - use_case - INFO - [A] >>>>>[적용할 쿠폰]
2025-06-19 13:34:42,586 - use_case - INFO - [A] 적용할 쿠폰이 없습니다
2025-06-19 13:34:42,586 - use_case - INFO - [A][쿠폰적용] 적용할 쿠폰이 없습니다
2025-06-19 13:36:51,569 - use_case - INFO - [A] 쿠폰 자동화 시작 | {"store_id": "A", "vehicle": "5119"}
2025-06-19 13:36:54,224 - use_case - INFO - [A][로그인] 성공
2025-06-19 13:37:00,355 - use_case - INFO - [A][차량검색] 성공: 5119
2025-06-19 13:37:00,547 - use_case - INFO - [A][쿠폰조회] 성공
2025-06-19 13:37:00,548 - use_case - INFO - [A] DiscountCalculator 객체 타입: <class 'core.domain.models.discount_policy.DiscountCalculator'>
2025-06-19 13:37:00,548 - use_case - INFO - [A] discount_info: {'30분할인권(무료)': {'car': 0, 'total': 9222}, '1시간할인권(유료)': {'car': 0, 'total': 64}, '1시간주말할인권(유료)': {'car': 0, 'total': 0}}
2025-06-19 13:37:00,549 - use_case - INFO - [A] my_history: {'30분할인권(무료)': 1, '1시간할인권(유료)': 2, '1시간주말할인권(유료)': 0}
2025-06-19 13:37:00,549 - use_case - INFO - [A] total_history: {'30분할인권(무료)': 1, '1시간할인권(유료)': 2, '1시간주말할인권(유료)': 0}
2025-06-19 13:37:00,550 - use_case - INFO - [A] available_coupons: {'30분할인권(무료)': 0, '1시간할인권(유료)': 0, '1시간주말할인권(유료)': 0}
2025-06-19 13:37:00,550 - use_case - INFO - [A] is_weekday: True
2025-06-19 13:37:00,553 - use_case - INFO - [A] calculate_required_coupons 성공! 결과: 0개
2025-06-19 13:37:00,553 - use_case - INFO - [A] >>>>>[적용할 쿠폰]
2025-06-19 13:37:00,554 - use_case - INFO - [A] 적용할 쿠폰이 없습니다
2025-06-19 13:37:00,554 - use_case - INFO - [A][쿠폰적용] 적용할 쿠폰이 없습니다
2025-06-19 13:41:17,442 - use_case - INFO - [A] 쿠폰 자동화 시작 | {"store_id": "A", "vehicle": "5119"}
2025-06-19 13:41:20,107 - use_case - INFO - [A][로그인] 성공
2025-06-19 13:41:26,250 - use_case - INFO - [A][차량검색] 성공: 5119
2025-06-19 13:41:26,462 - use_case - INFO - [A][쿠폰조회] 성공
2025-06-19 13:41:26,462 - use_case - INFO - [A] DiscountCalculator 객체 타입: <class 'core.domain.models.discount_policy.DiscountCalculator'>
2025-06-19 13:41:26,463 - use_case - INFO - [A] discount_info: {'30분할인권(무료)': {'car': 0, 'total': 9222}, '1시간할인권(유료)': {'car': 0, 'total': 64}, '1시간주말할인권(유료)': {'car': 0, 'total': 0}}
2025-06-19 13:41:26,464 - use_case - INFO - [A] my_history: {'30분할인권(무료)': 1, '1시간할인권(유료)': 2, '1시간주말할인권(유료)': 0}
2025-06-19 13:41:26,465 - use_case - INFO - [A] total_history: {'30분할인권(무료)': 1, '1시간할인권(유료)': 2, '1시간주말할인권(유료)': 0}
2025-06-19 13:41:26,465 - use_case - INFO - [A] available_coupons: {'30분할인권(무료)': 0, '1시간할인권(유료)': 0, '1시간주말할인권(유료)': 0}
2025-06-19 13:41:26,466 - use_case - INFO - [A] is_weekday: True
2025-06-19 13:41:26,468 - use_case - INFO - [A] calculate_required_coupons 성공! 결과: 0개
2025-06-19 13:41:26,469 - use_case - INFO - [A] >>>>>[적용할 쿠폰]
2025-06-19 13:41:26,469 - use_case - INFO - [A] 적용할 쿠폰이 없습니다
2025-06-19 13:41:26,470 - use_case - INFO - [A][쿠폰적용] 적용할 쿠폰이 없습니다
2025-06-19 13:46:43,634 - use_case - INFO - [A] 쿠폰 자동화 시작 | {"store_id": "A", "vehicle": "5119"}
2025-06-19 13:46:46,346 - use_case - INFO - [A][로그인] 성공
2025-06-19 13:46:52,497 - use_case - INFO - [A][차량검색] 성공: 5119
2025-06-19 13:46:52,701 - use_case - INFO - [A][쿠폰조회] 성공
2025-06-19 13:46:52,701 - use_case - INFO - [A] DiscountCalculator 객체 타입: <class 'core.domain.models.discount_policy.DiscountCalculator'>
2025-06-19 13:46:52,702 - use_case - INFO - [A] discount_info: {'30분할인권(무료)': {'car': 0, 'total': 9222}, '1시간할인권(유료)': {'car': 0, 'total': 64}, '1시간주말할인권(유료)': {'car': 0, 'total': 0}}
2025-06-19 13:46:52,703 - use_case - INFO - [A] my_history: {'30분할인권(무료)': 1, '1시간할인권(유료)': 2, '1시간주말할인권(유료)': 0}
2025-06-19 13:46:52,703 - use_case - INFO - [A] total_history: {'30분할인권(무료)': 1, '1시간할인권(유료)': 2, '1시간주말할인권(유료)': 0}
2025-06-19 13:46:52,704 - use_case - INFO - [A] available_coupons: {'30분할인권(무료)': 0, '1시간할인권(유료)': 0, '1시간주말할인권(유료)': 0}
2025-06-19 13:46:52,704 - use_case - INFO - [A] is_weekday: True
2025-06-19 13:46:52,706 - use_case - INFO - [A] calculate_required_coupons 성공! 결과: 0개
2025-06-19 13:46:52,707 - use_case - INFO - [A] >>>>>[적용할 쿠폰]
2025-06-19 13:46:52,707 - use_case - INFO - [A] 적용할 쿠폰이 없습니다
2025-06-19 13:46:52,708 - use_case - INFO - [A][쿠폰적용] 적용할 쿠폰이 없습니다
2025-06-19 13:48:33,287 - use_case - INFO - [A] 쿠폰 자동화 시작 | {"store_id": "A", "vehicle": "1234"}
2025-06-19 13:48:36,371 - use_case - INFO - [A][로그인] 성공
2025-06-19 13:48:37,502 - use_case - ERROR - [A] 자동화 실패: 차량 검색 실패 | {"store_id": "A", "vehicle": "1234", "step": "차량검색", "stack_trace": "Traceback (most recent call last):\n  File \"C:\\Code\\Project\\parking_cupon_auto\\Playwright_telegram_compl\\core\\application\\use_cases\\apply_coupon_use_case.py\", line 53, in execute\n    search_success = await store_instance.search_vehicle(vehicle)\nException: 차량 검색 실패\n"}
2025-06-19 13:48:59,855 - use_case - INFO - [A] 쿠폰 자동화 시작 | {"store_id": "A", "vehicle": "5119"}
2025-06-19 13:49:02,512 - use_case - INFO - [A][로그인] 성공
2025-06-19 13:49:08,649 - use_case - INFO - [A][차량검색] 성공: 5119
2025-06-19 13:49:08,847 - use_case - INFO - [A][쿠폰조회] 성공
2025-06-19 13:49:08,848 - use_case - INFO - [A] DiscountCalculator 객체 타입: <class 'core.domain.models.discount_policy.DiscountCalculator'>
2025-06-19 13:49:08,848 - use_case - INFO - [A] discount_info: {'30분할인권(무료)': {'car': 1, 'total': 9223}, '1시간할인권(유료)': {'car': 1, 'total': 65}, '1시간주말할인권(유료)': {'car': 0, 'total': 0}}
2025-06-19 13:49:08,849 - use_case - INFO - [A] my_history: {'30분할인권(무료)': 0, '1시간할인권(유료)': 1, '1시간주말할인권(유료)': 0}
2025-06-19 13:49:08,850 - use_case - INFO - [A] total_history: {'30분할인권(무료)': 0, '1시간할인권(유료)': 1, '1시간주말할인권(유료)': 0}
2025-06-19 13:49:08,850 - use_case - INFO - [A] available_coupons: {'30분할인권(무료)': 1, '1시간할인권(유료)': 1, '1시간주말할인권(유료)': 0}
2025-06-19 13:49:08,851 - use_case - INFO - [A] is_weekday: True
2025-06-19 13:49:08,857 - use_case - INFO - [A] calculate_required_coupons 성공! 결과: 2개
2025-06-19 13:49:08,857 - use_case - INFO - [A] 계산 결과: 30분할인권(무료) 1개
2025-06-19 13:49:08,858 - use_case - INFO - [A] 계산 결과: 1시간할인권(유료) 1개
2025-06-19 13:49:08,858 - use_case - INFO - [A] >>>>>[적용할 쿠폰]
2025-06-19 13:49:08,859 - use_case - INFO - [A] 30분할인권(무료): 1개
2025-06-19 13:49:08,859 - use_case - INFO - [A] 1시간할인권(유료): 1개
2025-06-19 13:49:11,229 - use_case - INFO - [A][쿠폰적용] 성공 | {"applied_coupons": [{"30분할인권(무료)": 1}, {"1시간할인권(유료)": 1}]}
